1587742104750	mozrunner::runner	INFO	Running command: "/Applications/Firefox.app/Contents/MacOS/firefox-bin" "-marionette" "-foreground" "-no-remote" "-profile" "/var/folders/q8/kr04cqs95878q3t2kxx3bx200000gn/T/rust_mozprofilexITU5O"
1587742107114	addons.webextension.doh-rollout@mozilla.org	WARN	Loading extension 'doh-rollout@mozilla.org': Reading manifest: Invalid extension permission: networkStatus
1587742107435	addons.webextension.screenshots@mozilla.org	WARN	Loading extension 'screenshots@mozilla.org': Reading manifest: Invalid extension permission: mozillaAddons
1587742107435	addons.webextension.screenshots@mozilla.org	WARN	Loading extension 'screenshots@mozilla.org': Reading manifest: Invalid extension permission: telemetry
1587742107435	addons.webextension.screenshots@mozilla.org	WARN	Loading extension 'screenshots@mozilla.org': Reading manifest: Invalid extension permission: resource://pdf.js/
1587742107435	addons.webextension.screenshots@mozilla.org	WARN	Loading extension 'screenshots@mozilla.org': Reading manifest: Invalid extension permission: about:reader*
1587742110061	Marionette	INFO	Listening on port 63160
1587742110106	Marionette	WARN	TLS certificate errors will be ignored for this session
JavaScript error: resource:///actors/ContentMetaChild.jsm, line 167: InvalidStateError: An attempt was made to use an object that is not, or is no longer, usable
1587742189790	Marionette	INFO	Stopped listening on port 63160
1587742197173	mozrunner::runner	INFO	Running command: "/Applications/Firefox.app/Contents/MacOS/firefox-bin" "-marionette" "-foreground" "-no-remote" "-profile" "/var/folders/q8/kr04cqs95878q3t2kxx3bx200000gn/T/rust_mozprofileWTLNf1"
1587742197748	addons.webextension.doh-rollout@mozilla.org	WARN	Loading extension 'doh-rollout@mozilla.org': Reading manifest: Invalid extension permission: networkStatus
1587742198102	addons.webextension.screenshots@mozilla.org	WARN	Loading extension 'screenshots@mozilla.org': Reading manifest: Invalid extension permission: mozillaAddons
1587742198103	addons.webextension.screenshots@mozilla.org	WARN	Loading extension 'screenshots@mozilla.org': Reading manifest: Invalid extension permission: telemetry
1587742198103	addons.webextension.screenshots@mozilla.org	WARN	Loading extension 'screenshots@mozilla.org': Reading manifest: Invalid extension permission: resource://pdf.js/
1587742198103	addons.webextension.screenshots@mozilla.org	WARN	Loading extension 'screenshots@mozilla.org': Reading manifest: Invalid extension permission: about:reader*
1587742200482	Marionette	INFO	Listening on port 63737
1587742200537	Marionette	WARN	TLS certificate errors will be ignored for this session
JavaScript error: resource:///actors/ContentMetaChild.jsm, line 167: InvalidStateError: An attempt was made to use an object that is not, or is no longer, usable
1587742261264	Marionette	INFO	Stopped listening on port 63737
1587742267173	mozrunner::runner	INFO	Running command: "/Applications/Firefox.app/Contents/MacOS/firefox-bin" "-marionette" "-foreground" "-no-remote" "-profile" "/var/folders/q8/kr04cqs95878q3t2kxx3bx200000gn/T/rust_mozprofilefwlt5Y"
1587742267798	addons.webextension.doh-rollout@mozilla.org	WARN	Loading extension 'doh-rollout@mozilla.org': Reading manifest: Invalid extension permission: networkStatus
1587742268194	addons.webextension.screenshots@mozilla.org	WARN	Loading extension 'screenshots@mozilla.org': Reading manifest: Invalid extension permission: mozillaAddons
1587742268194	addons.webextension.screenshots@mozilla.org	WARN	Loading extension 'screenshots@mozilla.org': Reading manifest: Invalid extension permission: telemetry
1587742268194	addons.webextension.screenshots@mozilla.org	WARN	Loading extension 'screenshots@mozilla.org': Reading manifest: Invalid extension permission: resource://pdf.js/
1587742268194	addons.webextension.screenshots@mozilla.org	WARN	Loading extension 'screenshots@mozilla.org': Reading manifest: Invalid extension permission: about:reader*
1587742270326	Marionette	INFO	Listening on port 64190
1587742270426	Marionette	WARN	TLS certificate errors will be ignored for this session
JavaScript error: resource:///actors/ContentMetaChild.jsm, line 167: InvalidStateError: An attempt was made to use an object that is not, or is no longer, usable
1587742578203	mozrunner::runner	INFO	Running command: "/Applications/Firefox.app/Contents/MacOS/firefox-bin" "-marionette" "-foreground" "-no-remote" "-profile" "/var/folders/q8/kr04cqs95878q3t2kxx3bx200000gn/T/rust_mozprofilebZHqub"
1587742579198	addons.webextension.doh-rollout@mozilla.org	WARN	Loading extension 'doh-rollout@mozilla.org': Reading manifest: Invalid extension permission: networkStatus
1587742579630	addons.webextension.screenshots@mozilla.org	WARN	Loading extension 'screenshots@mozilla.org': Reading manifest: Invalid extension permission: mozillaAddons
1587742579630	addons.webextension.screenshots@mozilla.org	WARN	Loading extension 'screenshots@mozilla.org': Reading manifest: Invalid extension permission: telemetry
1587742579630	addons.webextension.screenshots@mozilla.org	WARN	Loading extension 'screenshots@mozilla.org': Reading manifest: Invalid extension permission: resource://pdf.js/
1587742579630	addons.webextension.screenshots@mozilla.org	WARN	Loading extension 'screenshots@mozilla.org': Reading manifest: Invalid extension permission: about:reader*
1587742581945	Marionette	INFO	Listening on port 49237
1587742581969	Marionette	WARN	TLS certificate errors will be ignored for this session
JavaScript error: resource:///actors/ContentMetaChild.jsm, line 167: InvalidStateError: An attempt was made to use an object that is not, or is no longer, usable
1587742648925	Marionette	INFO	Stopped listening on port 64190
1587742651717	Marionette	INFO	Stopped listening on port 49237
1587742663796	mozrunner::runner	INFO	Running command: "/Applications/Firefox.app/Contents/MacOS/firefox-bin" "-marionette" "-foreground" "-no-remote" "-profile" "/var/folders/q8/kr04cqs95878q3t2kxx3bx200000gn/T/rust_mozprofileSmY9sJ"
1587742664420	addons.webextension.doh-rollout@mozilla.org	WARN	Loading extension 'doh-rollout@mozilla.org': Reading manifest: Invalid extension permission: networkStatus
1587742664811	addons.webextension.screenshots@mozilla.org	WARN	Loading extension 'screenshots@mozilla.org': Reading manifest: Invalid extension permission: mozillaAddons
1587742664811	addons.webextension.screenshots@mozilla.org	WARN	Loading extension 'screenshots@mozilla.org': Reading manifest: Invalid extension permission: telemetry
1587742664811	addons.webextension.screenshots@mozilla.org	WARN	Loading extension 'screenshots@mozilla.org': Reading manifest: Invalid extension permission: resource://pdf.js/
1587742664811	addons.webextension.screenshots@mozilla.org	WARN	Loading extension 'screenshots@mozilla.org': Reading manifest: Invalid extension permission: about:reader*
1587742667127	Marionette	INFO	Listening on port 49732
1587742667147	Marionette	WARN	TLS certificate errors will be ignored for this session
JavaScript error: resource:///actors/ContentMetaChild.jsm, line 167: InvalidStateError: An attempt was made to use an object that is not, or is no longer, usable
1587742776645	mozrunner::runner	INFO	Running command: "/Applications/Firefox.app/Contents/MacOS/firefox-bin" "-marionette" "-foreground" "-no-remote" "-profile" "/var/folders/q8/kr04cqs95878q3t2kxx3bx200000gn/T/rust_mozprofileKbeK8L"
1587742777222	addons.webextension.doh-rollout@mozilla.org	WARN	Loading extension 'doh-rollout@mozilla.org': Reading manifest: Invalid extension permission: networkStatus
1587742777555	addons.webextension.screenshots@mozilla.org	WARN	Loading extension 'screenshots@mozilla.org': Reading manifest: Invalid extension permission: mozillaAddons
1587742777555	addons.webextension.screenshots@mozilla.org	WARN	Loading extension 'screenshots@mozilla.org': Reading manifest: Invalid extension permission: telemetry
1587742777555	addons.webextension.screenshots@mozilla.org	WARN	Loading extension 'screenshots@mozilla.org': Reading manifest: Invalid extension permission: resource://pdf.js/
1587742777555	addons.webextension.screenshots@mozilla.org	WARN	Loading extension 'screenshots@mozilla.org': Reading manifest: Invalid extension permission: about:reader*
1587742780178	Marionette	INFO	Listening on port 50358
1587742780208	Marionette	WARN	TLS certificate errors will be ignored for this session
JavaScript error: resource:///actors/ContentMetaChild.jsm, line 167: InvalidStateError: An attempt was made to use an object that is not, or is no longer, usable
1587742880114	mozrunner::runner	INFO	Running command: "/Applications/Firefox.app/Contents/MacOS/firefox-bin" "-marionette" "-foreground" "-no-remote" "-profile" "/var/folders/q8/kr04cqs95878q3t2kxx3bx200000gn/T/rust_mozprofilepuCXpO"
1587742880758	addons.webextension.doh-rollout@mozilla.org	WARN	Loading extension 'doh-rollout@mozilla.org': Reading manifest: Invalid extension permission: networkStatus
1587742881178	addons.webextension.screenshots@mozilla.org	WARN	Loading extension 'screenshots@mozilla.org': Reading manifest: Invalid extension permission: mozillaAddons
1587742881178	addons.webextension.screenshots@mozilla.org	WARN	Loading extension 'screenshots@mozilla.org': Reading manifest: Invalid extension permission: telemetry
1587742881178	addons.webextension.screenshots@mozilla.org	WARN	Loading extension 'screenshots@mozilla.org': Reading manifest: Invalid extension permission: resource://pdf.js/
1587742881178	addons.webextension.screenshots@mozilla.org	WARN	Loading extension 'screenshots@mozilla.org': Reading manifest: Invalid extension permission: about:reader*
1587742883780	Marionette	INFO	Listening on port 50933
1587742883862	Marionette	WARN	TLS certificate errors will be ignored for this session
JavaScript error: resource:///actors/ContentMetaChild.jsm, line 167: InvalidStateError: An attempt was made to use an object that is not, or is no longer, usable
1587744070544	Marionette	INFO	Stopped listening on port 50933
1587744072754	Marionette	INFO	Stopped listening on port 50358
1587744074509	Marionette	INFO	Stopped listening on port 49732
1587744115514	mozrunner::runner	INFO	Running command: "/Applications/Firefox.app/Contents/MacOS/firefox-bin" "-marionette" "-foreground" "-no-remote" "-profile" "/var/folders/q8/kr04cqs95878q3t2kxx3bx200000gn/T/rust_mozprofilei4HZnJ"
1587744116209	addons.webextension.doh-rollout@mozilla.org	WARN	Loading extension 'doh-rollout@mozilla.org': Reading manifest: Invalid extension permission: networkStatus
1587744116544	addons.webextension.screenshots@mozilla.org	WARN	Loading extension 'screenshots@mozilla.org': Reading manifest: Invalid extension permission: mozillaAddons
1587744116544	addons.webextension.screenshots@mozilla.org	WARN	Loading extension 'screenshots@mozilla.org': Reading manifest: Invalid extension permission: telemetry
1587744116544	addons.webextension.screenshots@mozilla.org	WARN	Loading extension 'screenshots@mozilla.org': Reading manifest: Invalid extension permission: resource://pdf.js/
1587744116544	addons.webextension.screenshots@mozilla.org	WARN	Loading extension 'screenshots@mozilla.org': Reading manifest: Invalid extension permission: about:reader*
1587744119510	Marionette	INFO	Listening on port 56333
1587744119577	Marionette	WARN	TLS certificate errors will be ignored for this session
JavaScript error: resource:///actors/ContentMetaChild.jsm, line 167: InvalidStateError: An attempt was made to use an object that is not, or is no longer, usable
1587745215460	mozrunner::runner	INFO	Running command: "/Applications/Firefox.app/Contents/MacOS/firefox-bin" "-marionette" "-foreground" "-no-remote" "-profile" "/var/folders/q8/kr04cqs95878q3t2kxx3bx200000gn/T/rust_mozprofileHuMa7S"
1587745216690	addons.webextension.doh-rollout@mozilla.org	WARN	Loading extension 'doh-rollout@mozilla.org': Reading manifest: Invalid extension permission: networkStatus
1587745217030	addons.webextension.screenshots@mozilla.org	WARN	Loading extension 'screenshots@mozilla.org': Reading manifest: Invalid extension permission: mozillaAddons
1587745217030	addons.webextension.screenshots@mozilla.org	WARN	Loading extension 'screenshots@mozilla.org': Reading manifest: Invalid extension permission: telemetry
1587745217031	addons.webextension.screenshots@mozilla.org	WARN	Loading extension 'screenshots@mozilla.org': Reading manifest: Invalid extension permission: resource://pdf.js/
1587745217031	addons.webextension.screenshots@mozilla.org	WARN	Loading extension 'screenshots@mozilla.org': Reading manifest: Invalid extension permission: about:reader*
1587745219346	Marionette	INFO	Listening on port 61026
1587745219438	Marionette	WARN	TLS certificate errors will be ignored for this session
JavaScript error: resource:///actors/ContentMetaChild.jsm, line 167: InvalidStateError: An attempt was made to use an object that is not, or is no longer, usable
1587745221697	Marionette	INFO	Stopped listening on port 56333
JavaScript error: resource://gre/actors/AutoCompleteChild.jsm, line 196: Error: Invalid autocomplete selectedIndex
JavaScript error: resource://gre/actors/AutoCompleteChild.jsm, line 196: Error: Invalid autocomplete selectedIndex
JavaScript error: resource://gre/actors/AutoCompleteChild.jsm, line 196: Error: Invalid autocomplete selectedIndex
JavaScript error: resource://gre/actors/AutoCompleteChild.jsm, line 196: Error: Invalid autocomplete selectedIndex
JavaScript error: resource://gre/actors/AutoCompleteChild.jsm, line 196: Error: Invalid autocomplete selectedIndex
JavaScript error: resource://gre/actors/AutoCompleteChild.jsm, line 196: Error: Invalid autocomplete selectedIndex
1587745357384	Marionette	INFO	Stopped listening on port 61026
1587745364943	mozrunner::runner	INFO	Running command: "/Applications/Firefox.app/Contents/MacOS/firefox-bin" "-marionette" "-foreground" "-no-remote" "-profile" "/var/folders/q8/kr04cqs95878q3t2kxx3bx200000gn/T/rust_mozprofile7ddTtl"
1587745365438	addons.webextension.doh-rollout@mozilla.org	WARN	Loading extension 'doh-rollout@mozilla.org': Reading manifest: Invalid extension permission: networkStatus
1587745365739	addons.webextension.screenshots@mozilla.org	WARN	Loading extension 'screenshots@mozilla.org': Reading manifest: Invalid extension permission: mozillaAddons
1587745365739	addons.webextension.screenshots@mozilla.org	WARN	Loading extension 'screenshots@mozilla.org': Reading manifest: Invalid extension permission: telemetry
1587745365739	addons.webextension.screenshots@mozilla.org	WARN	Loading extension 'screenshots@mozilla.org': Reading manifest: Invalid extension permission: resource://pdf.js/
1587745365739	addons.webextension.screenshots@mozilla.org	WARN	Loading extension 'screenshots@mozilla.org': Reading manifest: Invalid extension permission: about:reader*
1587745368249	Marionette	INFO	Listening on port 61789
1587745368322	Marionette	WARN	TLS certificate errors will be ignored for this session
JavaScript error: resource:///actors/ContentMetaChild.jsm, line 167: InvalidStateError: An attempt was made to use an object that is not, or is no longer, usable
1587745401921	mozrunner::runner	INFO	Running command: "/Applications/Firefox.app/Contents/MacOS/firefox-bin" "-marionette" "-foreground" "-no-remote" "-profile" "/var/folders/q8/kr04cqs95878q3t2kxx3bx200000gn/T/rust_mozprofile7n9tzq"
1587745402517	addons.webextension.doh-rollout@mozilla.org	WARN	Loading extension 'doh-rollout@mozilla.org': Reading manifest: Invalid extension permission: networkStatus
1587745402794	addons.webextension.screenshots@mozilla.org	WARN	Loading extension 'screenshots@mozilla.org': Reading manifest: Invalid extension permission: mozillaAddons
1587745402794	addons.webextension.screenshots@mozilla.org	WARN	Loading extension 'screenshots@mozilla.org': Reading manifest: Invalid extension permission: telemetry
1587745402795	addons.webextension.screenshots@mozilla.org	WARN	Loading extension 'screenshots@mozilla.org': Reading manifest: Invalid extension permission: resource://pdf.js/
1587745402795	addons.webextension.screenshots@mozilla.org	WARN	Loading extension 'screenshots@mozilla.org': Reading manifest: Invalid extension permission: about:reader*
1587745405071	Marionette	INFO	Listening on port 62077
1587745405180	Marionette	WARN	TLS certificate errors will be ignored for this session
JavaScript error: resource:///actors/ContentMetaChild.jsm, line 167: InvalidStateError: An attempt was made to use an object that is not, or is no longer, usable
1587745569056	Marionette	INFO	Stopped listening on port 61789
1587745572265	Marionette	INFO	Stopped listening on port 62077
1587745954690	mozrunner::runner	INFO	Running command: "/Applications/Firefox.app/Contents/MacOS/firefox-bin" "-marionette" "-foreground" "-no-remote" "-profile" "/var/folders/q8/kr04cqs95878q3t2kxx3bx200000gn/T/rust_mozprofilepEW3cR"
1587745955808	addons.webextension.doh-rollout@mozilla.org	WARN	Loading extension 'doh-rollout@mozilla.org': Reading manifest: Invalid extension permission: networkStatus
1587745956108	addons.webextension.screenshots@mozilla.org	WARN	Loading extension 'screenshots@mozilla.org': Reading manifest: Invalid extension permission: mozillaAddons
1587745956108	addons.webextension.screenshots@mozilla.org	WARN	Loading extension 'screenshots@mozilla.org': Reading manifest: Invalid extension permission: telemetry
1587745956108	addons.webextension.screenshots@mozilla.org	WARN	Loading extension 'screenshots@mozilla.org': Reading manifest: Invalid extension permission: resource://pdf.js/
1587745956109	addons.webextension.screenshots@mozilla.org	WARN	Loading extension 'screenshots@mozilla.org': Reading manifest: Invalid extension permission: about:reader*
1587745958778	Marionette	INFO	Listening on port 64567
1587745958833	Marionette	WARN	TLS certificate errors will be ignored for this session
JavaScript error: https://w.usabilla.com/f649febe722d.js?lv=1, line 1: TypeError: h is undefined
JavaScript error: resource:///actors/ContentMetaChild.jsm, line 167: InvalidStateError: An attempt was made to use an object that is not, or is no longer, usable
1587745993008	mozrunner::runner	INFO	Running command: "/Applications/Firefox.app/Contents/MacOS/firefox-bin" "-marionette" "-foreground" "-no-remote" "-profile" "/var/folders/q8/kr04cqs95878q3t2kxx3bx200000gn/T/rust_mozprofileEoYAdA"
1587745994051	addons.webextension.doh-rollout@mozilla.org	WARN	Loading extension 'doh-rollout@mozilla.org': Reading manifest: Invalid extension permission: networkStatus
1587745994372	addons.webextension.screenshots@mozilla.org	WARN	Loading extension 'screenshots@mozilla.org': Reading manifest: Invalid extension permission: mozillaAddons
1587745994372	addons.webextension.screenshots@mozilla.org	WARN	Loading extension 'screenshots@mozilla.org': Reading manifest: Invalid extension permission: telemetry
1587745994373	addons.webextension.screenshots@mozilla.org	WARN	Loading extension 'screenshots@mozilla.org': Reading manifest: Invalid extension permission: resource://pdf.js/
1587745994373	addons.webextension.screenshots@mozilla.org	WARN	Loading extension 'screenshots@mozilla.org': Reading manifest: Invalid extension permission: about:reader*
1587745997324	Marionette	INFO	Listening on port 64870
1587745997376	Marionette	WARN	TLS certificate errors will be ignored for this session
1587745998276	Marionette	INFO	Stopped listening on port 64567
JavaScript error: resource:///actors/ContentMetaChild.jsm, line 167: InvalidStateError: An attempt was made to use an object that is not, or is no longer, usable
1587746018665	mozrunner::runner	INFO	Running command: "/Applications/Firefox.app/Contents/MacOS/firefox-bin" "-marionette" "-foreground" "-no-remote" "-profile" "/var/folders/q8/kr04cqs95878q3t2kxx3bx200000gn/T/rust_mozprofilexBlXwe"
1587746019511	addons.webextension.doh-rollout@mozilla.org	WARN	Loading extension 'doh-rollout@mozilla.org': Reading manifest: Invalid extension permission: networkStatus
1587746019849	addons.webextension.screenshots@mozilla.org	WARN	Loading extension 'screenshots@mozilla.org': Reading manifest: Invalid extension permission: mozillaAddons
1587746019850	addons.webextension.screenshots@mozilla.org	WARN	Loading extension 'screenshots@mozilla.org': Reading manifest: Invalid extension permission: telemetry
1587746019850	addons.webextension.screenshots@mozilla.org	WARN	Loading extension 'screenshots@mozilla.org': Reading manifest: Invalid extension permission: resource://pdf.js/
1587746019850	addons.webextension.screenshots@mozilla.org	WARN	Loading extension 'screenshots@mozilla.org': Reading manifest: Invalid extension permission: about:reader*
1587746022498	Marionette	INFO	Listening on port 65119
1587746022530	Marionette	WARN	TLS certificate errors will be ignored for this session
JavaScript error: resource:///actors/ContentMetaChild.jsm, line 167: InvalidStateError: An attempt was made to use an object that is not, or is no longer, usable
1587746025769	Marionette	INFO	Stopped listening on port 64870
1587746485072	mozrunner::runner	INFO	Running command: "/Applications/Firefox.app/Contents/MacOS/firefox-bin" "-marionette" "-foreground" "-no-remote" "-profile" "/var/folders/q8/kr04cqs95878q3t2kxx3bx200000gn/T/rust_mozprofilegJtElK"
1587746485594	addons.webextension.doh-rollout@mozilla.org	WARN	Loading extension 'doh-rollout@mozilla.org': Reading manifest: Invalid extension permission: networkStatus
1587746485892	addons.webextension.screenshots@mozilla.org	WARN	Loading extension 'screenshots@mozilla.org': Reading manifest: Invalid extension permission: mozillaAddons
1587746485892	addons.webextension.screenshots@mozilla.org	WARN	Loading extension 'screenshots@mozilla.org': Reading manifest: Invalid extension permission: telemetry
1587746485892	addons.webextension.screenshots@mozilla.org	WARN	Loading extension 'screenshots@mozilla.org': Reading manifest: Invalid extension permission: resource://pdf.js/
1587746485892	addons.webextension.screenshots@mozilla.org	WARN	Loading extension 'screenshots@mozilla.org': Reading manifest: Invalid extension permission: about:reader*
1587746488590	Marionette	INFO	Listening on port 50802
1587746488629	Marionette	WARN	TLS certificate errors will be ignored for this session
JavaScript error: resource:///actors/ContentMetaChild.jsm, line 167: InvalidStateError: An attempt was made to use an object that is not, or is no longer, usable
1587746515314	Marionette	INFO	Stopped listening on port 50802
JavaScript error: https://www.morningstar.it/it/, line 51: ReferenceError: DoADRedirection is not defined
JavaScript error: https://www.morningstar.it/it/, line 355: ReferenceError: WebAdsWriteTagSponsor is not defined
JavaScript error: https://www.morningstar.it/it/, line 382: ReferenceError: WebAdsWriteTagSponsor is not defined
JavaScript error: https://www.morningstar.it/it/, line 843: ReferenceError: WebAdsWriteTag is not defined
JavaScript error: https://www.morningstar.it/it/, line 896: ReferenceError: WebAdsWriteTag is not defined
JavaScript error: https://www.morningstar.it/it/, line 1046: ReferenceError: WebAdsWriteTag is not defined
JavaScript error: https://www.morningstar.it/it/, line 1192: ReferenceError: WebAdsWriteTag is not defined
JavaScript error: https://www.morningstar.it/it/, line 1387: ReferenceError: WebAdsWriteTagSponsor is not defined
JavaScript error: https://www.morningstar.it/it/, line 1417: ReferenceError: WebAdsWriteTagSponsor is not defined
JavaScript error: https://static.chartbeat.com/js/chartbeat_mab.js, line 38: TypeError: F is undefined
JavaScript warning: https://quotespeed.morningstar.com/sdk/2.49.0/widgets/marketIndex/package/sdk_ms_qs_marketindex_2.49.0.js?_t=1.4.36, line 2: Using //@ to indicate sourceMappingURL pragmas is deprecated. Use //# instead
JavaScript warning: https://quotespeed.morningstar.com/sdk/2.49.0/widgets/marketIndex/package/sdk_ms_qs_marketindex_2.49.0.js?_t=1.4.36, line 2: Using //@ to indicate sourceMappingURL pragmas is deprecated. Use //# instead
1588000852124	mozrunner::runner	INFO	Running command: "/Applications/Firefox.app/Contents/MacOS/firefox-bin" "-marionette" "-foreground" "-no-remote" "-profile" "/var/folders/q8/kr04cqs95878q3t2kxx3bx200000gn/T/rust_mozprofilefoYJuY"
1588000852852	addons.webextension.doh-rollout@mozilla.org	WARN	Loading extension 'doh-rollout@mozilla.org': Reading manifest: Invalid extension permission: networkStatus
1588000853152	addons.webextension.screenshots@mozilla.org	WARN	Loading extension 'screenshots@mozilla.org': Reading manifest: Invalid extension permission: mozillaAddons
1588000853153	addons.webextension.screenshots@mozilla.org	WARN	Loading extension 'screenshots@mozilla.org': Reading manifest: Invalid extension permission: telemetry
1588000853153	addons.webextension.screenshots@mozilla.org	WARN	Loading extension 'screenshots@mozilla.org': Reading manifest: Invalid extension permission: resource://pdf.js/
1588000853153	addons.webextension.screenshots@mozilla.org	WARN	Loading extension 'screenshots@mozilla.org': Reading manifest: Invalid extension permission: about:reader*
1588000855984	Marionette	INFO	Listening on port 60744
1588000856046	Marionette	WARN	TLS certificate errors will be ignored for this session
JavaScript error: resource:///actors/ContentMetaChild.jsm, line 167: InvalidStateError: An attempt was made to use an object that is not, or is no longer, usable
1588000869740	Marionette	INFO	Stopped listening on port 60744
1588596584578	mozrunner::runner	INFO	Running command: "/Applications/Firefox.app/Contents/MacOS/firefox-bin" "-marionette" "-foreground" "-no-remote" "-profile" "/var/folders/q8/kr04cqs95878q3t2kxx3bx200000gn/T/rust_mozprofile9ELx3R"
1588596585211	addons.webextension.doh-rollout@mozilla.org	WARN	Loading extension 'doh-rollout@mozilla.org': Reading manifest: Invalid extension permission: networkStatus
1588596585772	addons.webextension.screenshots@mozilla.org	WARN	Loading extension 'screenshots@mozilla.org': Reading manifest: Invalid extension permission: mozillaAddons
1588596585772	addons.webextension.screenshots@mozilla.org	WARN	Loading extension 'screenshots@mozilla.org': Reading manifest: Invalid extension permission: telemetry
1588596585773	addons.webextension.screenshots@mozilla.org	WARN	Loading extension 'screenshots@mozilla.org': Reading manifest: Invalid extension permission: resource://pdf.js/
1588596585773	addons.webextension.screenshots@mozilla.org	WARN	Loading extension 'screenshots@mozilla.org': Reading manifest: Invalid extension permission: about:reader*
1588596587871	Marionette	INFO	Listening on port 52211
1588596587961	Marionette	WARN	TLS certificate errors will be ignored for this session
JavaScript error: https://www.milanofinanza.it/news/mercati/la-giornata-sul-mot-euro-obbligazioni line 252 > scriptElement, line 1: TypeError: document.getElementById(...) is null
JavaScript error: https://services.brid.tv/player/build/brid.min.js, line 12: TypeError: --- BridPlayer --- The element or ID supplied is not valid.
JavaScript error: https://www.milanofinanza.it/news/mercati/la-giornata-sul-mot-euro-obbligazioni line 252 > scriptElement, line 1: TypeError: document.getElementById(...) is null
JavaScript error: https://services.brid.tv/player/build/brid.min.js, line 12: TypeError: --- BridPlayer --- The element or ID supplied is not valid.
JavaScript error: https://www.milanofinanza.it/news/mercati/la-giornata-sul-mot-euro-obbligazioni line 252 > scriptElement, line 1: TypeError: document.getElementById(...) is null
JavaScript error: https://services.brid.tv/player/build/brid.min.js, line 12: TypeError: --- BridPlayer --- The element or ID supplied is not valid.
1588596675618	Marionette	INFO	Stopped listening on port 52211
1588596882720	mozrunner::runner	INFO	Running command: "/Applications/Firefox.app/Contents/MacOS/firefox-bin" "-marionette" "-foreground" "-no-remote" "-profile" "/var/folders/q8/kr04cqs95878q3t2kxx3bx200000gn/T/rust_mozprofile59GxKC"
1588596883357	addons.webextension.doh-rollout@mozilla.org	WARN	Loading extension 'doh-rollout@mozilla.org': Reading manifest: Invalid extension permission: networkStatus
1588596883765	addons.webextension.screenshots@mozilla.org	WARN	Loading extension 'screenshots@mozilla.org': Reading manifest: Invalid extension permission: mozillaAddons
1588596883765	addons.webextension.screenshots@mozilla.org	WARN	Loading extension 'screenshots@mozilla.org': Reading manifest: Invalid extension permission: telemetry
1588596883765	addons.webextension.screenshots@mozilla.org	WARN	Loading extension 'screenshots@mozilla.org': Reading manifest: Invalid extension permission: resource://pdf.js/
1588596883765	addons.webextension.screenshots@mozilla.org	WARN	Loading extension 'screenshots@mozilla.org': Reading manifest: Invalid extension permission: about:reader*
1588596886150	Marionette	INFO	Listening on port 53960
1588596886216	Marionette	WARN	TLS certificate errors will be ignored for this session
1588596886253	Marionette	INFO	Stopped listening on port 53960
1588596899533	mozrunner::runner	INFO	Running command: "/Applications/Firefox.app/Contents/MacOS/firefox-bin" "-marionette" "-foreground" "-no-remote" "-profile" "/var/folders/q8/kr04cqs95878q3t2kxx3bx200000gn/T/rust_mozprofileynEk7Z"
1588596900167	addons.webextension.doh-rollout@mozilla.org	WARN	Loading extension 'doh-rollout@mozilla.org': Reading manifest: Invalid extension permission: networkStatus
1588596900580	addons.webextension.screenshots@mozilla.org	WARN	Loading extension 'screenshots@mozilla.org': Reading manifest: Invalid extension permission: mozillaAddons
1588596900580	addons.webextension.screenshots@mozilla.org	WARN	Loading extension 'screenshots@mozilla.org': Reading manifest: Invalid extension permission: telemetry
1588596900580	addons.webextension.screenshots@mozilla.org	WARN	Loading extension 'screenshots@mozilla.org': Reading manifest: Invalid extension permission: resource://pdf.js/
1588596900581	addons.webextension.screenshots@mozilla.org	WARN	Loading extension 'screenshots@mozilla.org': Reading manifest: Invalid extension permission: about:reader*
1588596903042	Marionette	INFO	Listening on port 54091
1588596903135	Marionette	WARN	TLS certificate errors will be ignored for this session
1588596905916	Marionette	INFO	Stopped listening on port 54091
1588597040955	mozrunner::runner	INFO	Running command: "/Applications/Firefox.app/Contents/MacOS/firefox-bin" "-marionette" "-foreground" "-no-remote" "-profile" "/var/folders/q8/kr04cqs95878q3t2kxx3bx200000gn/T/rust_mozprofileq52jUc"
1588597041694	addons.webextension.doh-rollout@mozilla.org	WARN	Loading extension 'doh-rollout@mozilla.org': Reading manifest: Invalid extension permission: networkStatus
1588597042121	addons.webextension.screenshots@mozilla.org	WARN	Loading extension 'screenshots@mozilla.org': Reading manifest: Invalid extension permission: mozillaAddons
1588597042121	addons.webextension.screenshots@mozilla.org	WARN	Loading extension 'screenshots@mozilla.org': Reading manifest: Invalid extension permission: telemetry
1588597042121	addons.webextension.screenshots@mozilla.org	WARN	Loading extension 'screenshots@mozilla.org': Reading manifest: Invalid extension permission: resource://pdf.js/
1588597042121	addons.webextension.screenshots@mozilla.org	WARN	Loading extension 'screenshots@mozilla.org': Reading manifest: Invalid extension permission: about:reader*
1588597044793	Marionette	INFO	Listening on port 54775
1588597044863	Marionette	WARN	TLS certificate errors will be ignored for this session
1588597047652	Marionette	INFO	Stopped listening on port 54775
1588597107074	mozrunner::runner	INFO	Running command: "/Applications/Firefox.app/Contents/MacOS/firefox-bin" "-marionette" "-foreground" "-no-remote" "-profile" "/var/folders/q8/kr04cqs95878q3t2kxx3bx200000gn/T/rust_mozprofilec3IunI"
1588597107756	addons.webextension.doh-rollout@mozilla.org	WARN	Loading extension 'doh-rollout@mozilla.org': Reading manifest: Invalid extension permission: networkStatus
1588597108165	addons.webextension.screenshots@mozilla.org	WARN	Loading extension 'screenshots@mozilla.org': Reading manifest: Invalid extension permission: mozillaAddons
1588597108165	addons.webextension.screenshots@mozilla.org	WARN	Loading extension 'screenshots@mozilla.org': Reading manifest: Invalid extension permission: telemetry
1588597108165	addons.webextension.screenshots@mozilla.org	WARN	Loading extension 'screenshots@mozilla.org': Reading manifest: Invalid extension permission: resource://pdf.js/
1588597108165	addons.webextension.screenshots@mozilla.org	WARN	Loading extension 'screenshots@mozilla.org': Reading manifest: Invalid extension permission: about:reader*
1588597110232	Marionette	INFO	Listening on port 55161
1588597110275	Marionette	WARN	TLS certificate errors will be ignored for this session
JavaScript error: https://www.milanofinanza.it/news/mercati/la-giornata-sul-mot-euro-obbligazioni/1 line 252 > scriptElement, line 1: TypeError: document.getElementById(...) is null
JavaScript error: https://services.brid.tv/player/build/brid.min.js, line 12: TypeError: --- BridPlayer --- The element or ID supplied is not valid.
JavaScript error: https://www.milanofinanza.it/news/mercati/la-giornata-sul-mot-euro-obbligazioni/1 line 252 > scriptElement, line 1: TypeError: document.getElementById(...) is null
JavaScript error: https://services.brid.tv/player/build/brid.min.js, line 12: TypeError: --- BridPlayer --- The element or ID supplied is not valid.
1588597112462	Marionette	INFO	Stopped listening on port 55161
JavaScript error: https://www.milanofinanza.it/news/mercati/la-giornata-sul-mot-euro-obbligazioni/1 line 252 > scriptElement, line 1: TypeError: document.getElementById(...) is null
JavaScript error: https://services.brid.tv/player/build/brid.min.js, line 12: TypeError: --- BridPlayer --- The element or ID supplied is not valid.

###!!! [Child][MessageChannel] Error: (msgtype=0x6A0029,name=PNecko::Msg_RemoveRequestContext) Channel closing: too late to send/recv, messages will be lost

1588604646999	mozrunner::runner	INFO	Running command: "/Applications/Firefox.app/Contents/MacOS/firefox-bin" "-marionette" "-foreground" "-no-remote" "-profile" "/var/folders/q8/kr04cqs95878q3t2kxx3bx200000gn/T/rust_mozprofileIRiCiz"
1588604648212	addons.webextension.doh-rollout@mozilla.org	WARN	Loading extension 'doh-rollout@mozilla.org': Reading manifest: Invalid extension permission: networkStatus
1588604648653	addons.webextension.screenshots@mozilla.org	WARN	Loading extension 'screenshots@mozilla.org': Reading manifest: Invalid extension permission: mozillaAddons
1588604648653	addons.webextension.screenshots@mozilla.org	WARN	Loading extension 'screenshots@mozilla.org': Reading manifest: Invalid extension permission: telemetry
1588604648653	addons.webextension.screenshots@mozilla.org	WARN	Loading extension 'screenshots@mozilla.org': Reading manifest: Invalid extension permission: resource://pdf.js/
1588604648653	addons.webextension.screenshots@mozilla.org	WARN	Loading extension 'screenshots@mozilla.org': Reading manifest: Invalid extension permission: about:reader*
1588604651495	Marionette	INFO	Listening on port 65017
1588604651515	Marionette	WARN	TLS certificate errors will be ignored for this session
JavaScript error: https://www.milanofinanza.it/news/mercati/la-giornata-sul-mot-euro-obbligazioni/1 line 252 > scriptElement, line 1: TypeError: document.getElementById(...) is null
JavaScript error: https://services.brid.tv/player/build/brid.min.js, line 12: TypeError: --- BridPlayer --- The element or ID supplied is not valid.
JavaScript error: https://www.milanofinanza.it/news/mercati/la-giornata-sul-mot-euro-obbligazioni/1 line 252 > scriptElement, line 1: TypeError: document.getElementById(...) is null
JavaScript error: https://services.brid.tv/player/build/brid.min.js, line 12: TypeError: --- BridPlayer --- The element or ID supplied is not valid.
1588604658839	Marionette	INFO	Stopped listening on port 65017
1588604677469	mozrunner::runner	INFO	Running command: "/Applications/Firefox.app/Contents/MacOS/firefox-bin" "-marionette" "-foreground" "-no-remote" "-profile" "/var/folders/q8/kr04cqs95878q3t2kxx3bx200000gn/T/rust_mozprofilewgCZc8"
1588604678147	addons.webextension.doh-rollout@mozilla.org	WARN	Loading extension 'doh-rollout@mozilla.org': Reading manifest: Invalid extension permission: networkStatus
1588604678601	addons.webextension.screenshots@mozilla.org	WARN	Loading extension 'screenshots@mozilla.org': Reading manifest: Invalid extension permission: mozillaAddons
1588604678602	addons.webextension.screenshots@mozilla.org	WARN	Loading extension 'screenshots@mozilla.org': Reading manifest: Invalid extension permission: telemetry
1588604678602	addons.webextension.screenshots@mozilla.org	WARN	Loading extension 'screenshots@mozilla.org': Reading manifest: Invalid extension permission: resource://pdf.js/
1588604678602	addons.webextension.screenshots@mozilla.org	WARN	Loading extension 'screenshots@mozilla.org': Reading manifest: Invalid extension permission: about:reader*
1588604680884	Marionette	INFO	Listening on port 65303
1588604680937	Marionette	WARN	TLS certificate errors will be ignored for this session
JavaScript error: https://www.milanofinanza.it/news/mercati/la-giornata-sul-mot-euro-obbligazioni/1 line 252 > scriptElement, line 1: TypeError: document.getElementById(...) is null
JavaScript error: https://services.brid.tv/player/build/brid.min.js, line 12: TypeError: --- BridPlayer --- The element or ID supplied is not valid.
JavaScript error: https://www.milanofinanza.it/news/mercati/la-giornata-sul-mot-euro-obbligazioni/1 line 252 > scriptElement, line 1: TypeError: document.getElementById(...) is null
JavaScript error: https://services.brid.tv/player/build/brid.min.js, line 12: TypeError: --- BridPlayer --- The element or ID supplied is not valid.
1588604683876	Marionette	INFO	Stopped listening on port 65303
1588607881212	mozrunner::runner	INFO	Running command: "/Applications/Firefox.app/Contents/MacOS/firefox-bin" "-marionette" "-foreground" "-no-remote" "-profile" "/var/folders/q8/kr04cqs95878q3t2kxx3bx200000gn/T/rust_mozprofiletTf43X"
1588607881898	addons.webextension.doh-rollout@mozilla.org	WARN	Loading extension 'doh-rollout@mozilla.org': Reading manifest: Invalid extension permission: networkStatus
1588607882329	addons.webextension.screenshots@mozilla.org	WARN	Loading extension 'screenshots@mozilla.org': Reading manifest: Invalid extension permission: mozillaAddons
1588607882329	addons.webextension.screenshots@mozilla.org	WARN	Loading extension 'screenshots@mozilla.org': Reading manifest: Invalid extension permission: telemetry
1588607882330	addons.webextension.screenshots@mozilla.org	WARN	Loading extension 'screenshots@mozilla.org': Reading manifest: Invalid extension permission: resource://pdf.js/
1588607882330	addons.webextension.screenshots@mozilla.org	WARN	Loading extension 'screenshots@mozilla.org': Reading manifest: Invalid extension permission: about:reader*
1588607884675	Marionette	INFO	Listening on port 49472
1588607884707	Marionette	WARN	TLS certificate errors will be ignored for this session
JavaScript error: https://www.milanofinanza.it/news/mercati/la-giornata-sul-mot-euro-obbligazioni/1 line 252 > scriptElement, line 1: TypeError: document.getElementById(...) is null
JavaScript error: https://services.brid.tv/player/build/brid.min.js, line 12: TypeError: --- BridPlayer --- The element or ID supplied is not valid.
JavaScript error: https://www.milanofinanza.it/news/mercati/la-giornata-sul-mot-euro-obbligazioni/1 line 252 > scriptElement, line 1: TypeError: document.getElementById(...) is null
JavaScript error: https://services.brid.tv/player/build/brid.min.js, line 12: TypeError: --- BridPlayer --- The element or ID supplied is not valid.
JavaScript error: https://www.milanofinanza.it/news/mercati/la-giornata-sul-mot-euro-obbligazioni/1 line 252 > scriptElement, line 1: TypeError: document.getElementById(...) is null
JavaScript error: https://services.brid.tv/player/build/brid.min.js, line 12: TypeError: --- BridPlayer --- The element or ID supplied is not valid.
JavaScript error: resource://gre/actors/PictureInPictureChild.jsm, line 114: InvalidStateError: An attempt was made to use an object that is not, or is no longer, usable
JavaScript error: https://www.milanofinanza.it/news/mercati/la-giornata-sul-mot-euro-obbligazioni/2 line 252 > scriptElement, line 1: TypeError: document.getElementById(...) is null
JavaScript error: https://services.brid.tv/player/build/brid.min.js, line 12: TypeError: --- BridPlayer --- The element or ID supplied is not valid.
JavaScript error: https://www.milanofinanza.it/news/mercati/la-giornata-sul-mot-euro-obbligazioni/2 line 252 > scriptElement, line 1: TypeError: document.getElementById(...) is null
JavaScript error: https://services.brid.tv/player/build/brid.min.js, line 12: TypeError: --- BridPlayer --- The element or ID supplied is not valid.
JavaScript error: https://www.milanofinanza.it/news/mercati/la-giornata-sul-mot-euro-obbligazioni/2 line 252 > scriptElement, line 1: TypeError: document.getElementById(...) is null
JavaScript error: https://services.brid.tv/player/build/brid.min.js, line 12: TypeError: --- BridPlayer --- The element or ID supplied is not valid.
1588607903820	Marionette	INFO	Stopped listening on port 49472
JavaScript error: resource://gre/modules/XULStore.jsm, line 66: Error: Can't find profile directory.
